<?xml version="1.0" encoding="UTF-8"?>
<testng-results skipped="0" failed="0" ignored="0" total="1" passed="1">
  <reporter-output>
  </reporter-output>
  <suite name="Suite" duration-ms="39180" started-at="2019-03-26T22:01:18 IST" finished-at="2019-03-26T22:01:57 IST">
    <groups>
    </groups>
    <test name="EbayfirstSearch" duration-ms="39180" started-at="2019-03-26T22:01:18 IST" finished-at="2019-03-26T22:01:57 IST">
      <class name="EbayfirstSearch">
        <test-method status="PASS" signature="beforeTest()[pri:0, instance:EbayfirstSearch@7791a895]" name="beforeTest" is-config="true" duration-ms="3223" started-at="2019-03-26T22:01:18 IST" finished-at="2019-03-26T22:01:21 IST">
          <reporter-output>
          </reporter-output>
        </test-method> <!-- beforeTest -->
        <test-method status="PASS" signature="f()[pri:0, instance:EbayfirstSearch@7791a895]" name="f" duration-ms="35004" started-at="2019-03-26T22:01:21 IST" finished-at="2019-03-26T22:01:56 IST">
          <reporter-output>
          </reporter-output>
        </test-method> <!-- f -->
        <test-method status="PASS" signature="afterTest()[pri:0, instance:EbayfirstSearch@7791a895]" name="afterTest" is-config="true" duration-ms="912" started-at="2019-03-26T22:01:56 IST" finished-at="2019-03-26T22:01:57 IST">
          <reporter-output>
          </reporter-output>
        </test-method> <!-- afterTest -->
      </class> <!-- EbayfirstSearch -->
    </test> <!-- EbayfirstSearch -->
  </suite> <!-- Suite -->
</testng-results>
